<?xml version="1.0" encoding="UTF-8"?>
<testng-results ignored="0" total="1" passed="1" failed="0" skipped="0">
  <reporter-output>
  </reporter-output>
  <suite started-at="2020-06-18T06:01:51Z" name="Suite" finished-at="2020-06-18T06:01:57Z" duration-ms="5803">
    <groups>
    </groups>
    <test started-at="2020-06-18T06:01:51Z" name="Test" finished-at="2020-06-18T06:01:57Z" duration-ms="5803">
      <class name="Smoke.login">
        <test-method signature="TC01()[pri:0, instance:Smoke.login@618425b5]" started-at="2020-06-18T06:01:52Z" name="TC01" finished-at="2020-06-18T06:01:57Z" duration-ms="5761" status="PASS">
          <reporter-output>
          </reporter-output>
        </test-method> <!-- TC01 -->
      </class> <!-- Smoke.login -->
    </test> <!-- Test -->
  </suite> <!-- Suite -->
</testng-results>
